<?xml version="1.0" encoding="UTF-8"?>
<testsuite xmlns:xsi="http://www.w3.org/2001/XMLSchema-instance" xsi:noNamespaceSchemaLocation="https://maven.apache.org/surefire/maven-surefire-plugin/xsd/surefire-test-report.xsd" name="com.ericsson.gateway.config.HazelcastConfigTest" time="0.034" tests="1" errors="0" skipped="0" failures="0">
  <properties>
    <property name="sun.desktop" value="windows"/>
    <property name="awt.toolkit" value="sun.awt.windows.WToolkit"/>
    <property name="file.encoding.pkg" value="sun.io"/>
    <property name="java.specification.version" value="1.8"/>
    <property name="sun.cpu.isalist" value="amd64"/>
    <property name="sun.jnu.encoding" value="Cp1252"/>
    <property name="java.class.path" value="C:\Users\ebencol\code\concordia\api-gateway\target\test-classes;C:\Users\ebencol\code\concordia\api-gateway\target\classes;C:\Users\ebencol\.m2\repository\org\springframework\boot\spring-boot-starter-webflux\2.1.6.RELEASE\spring-boot-starter-webflux-2.1.6.RELEASE.jar;C:\Users\ebencol\.m2\repository\org\springframework\boot\spring-boot-starter\2.1.6.RELEASE\spring-boot-starter-2.1.6.RELEASE.jar;C:\Users\ebencol\.m2\repository\org\springframework\boot\spring-boot\2.1.6.RELEASE\spring-boot-2.1.6.RELEASE.jar;C:\Users\ebencol\.m2\repository\org\springframework\boot\spring-boot-autoconfigure\2.1.6.RELEASE\spring-boot-autoconfigure-2.1.6.RELEASE.jar;C:\Users\ebencol\.m2\repository\org\springframework\boot\spring-boot-starter-logging\2.1.6.RELEASE\spring-boot-starter-logging-2.1.6.RELEASE.jar;C:\Users\ebencol\.m2\repository\org\apache\logging\log4j\log4j-to-slf4j\2.11.2\log4j-to-slf4j-2.11.2.jar;C:\Users\ebencol\.m2\repository\org\apache\logging\log4j\log4j-api\2.11.2\log4j-api-2.11.2.jar;C:\Users\ebencol\.m2\repository\org\slf4j\jul-to-slf4j\1.7.26\jul-to-slf4j-1.7.26.jar;C:\Users\ebencol\.m2\repository\javax\annotation\javax.annotation-api\1.3.2\javax.annotation-api-1.3.2.jar;C:\Users\ebencol\.m2\repository\org\yaml\snakeyaml\1.23\snakeyaml-1.23.jar;C:\Users\ebencol\.m2\repository\org\springframework\boot\spring-boot-starter-json\2.1.6.RELEASE\spring-boot-starter-json-2.1.6.RELEASE.jar;C:\Users\ebencol\.m2\repository\com\fasterxml\jackson\datatype\jackson-datatype-jdk8\2.9.9\jackson-datatype-jdk8-2.9.9.jar;C:\Users\ebencol\.m2\repository\com\fasterxml\jackson\datatype\jackson-datatype-jsr310\2.9.9\jackson-datatype-jsr310-2.9.9.jar;C:\Users\ebencol\.m2\repository\com\fasterxml\jackson\module\jackson-module-parameter-names\2.9.9\jackson-module-parameter-names-2.9.9.jar;C:\Users\ebencol\.m2\repository\org\springframework\boot\spring-boot-starter-reactor-netty\2.1.6.RELEASE\spring-boot-starter-reactor-netty-2.1.6.RELEASE.jar;C:\Users\ebencol\.m2\repository\io\projectreactor\netty\reactor-netty\0.8.9.RELEASE\reactor-netty-0.8.9.RELEASE.jar;C:\Users\ebencol\.m2\repository\io\netty\netty-codec-http\4.1.36.Final\netty-codec-http-4.1.36.Final.jar;C:\Users\ebencol\.m2\repository\io\netty\netty-common\4.1.36.Final\netty-common-4.1.36.Final.jar;C:\Users\ebencol\.m2\repository\io\netty\netty-buffer\4.1.36.Final\netty-buffer-4.1.36.Final.jar;C:\Users\ebencol\.m2\repository\io\netty\netty-transport\4.1.36.Final\netty-transport-4.1.36.Final.jar;C:\Users\ebencol\.m2\repository\io\netty\netty-resolver\4.1.36.Final\netty-resolver-4.1.36.Final.jar;C:\Users\ebencol\.m2\repository\io\netty\netty-codec\4.1.36.Final\netty-codec-4.1.36.Final.jar;C:\Users\ebencol\.m2\repository\io\netty\netty-codec-http2\4.1.36.Final\netty-codec-http2-4.1.36.Final.jar;C:\Users\ebencol\.m2\repository\io\netty\netty-handler\4.1.36.Final\netty-handler-4.1.36.Final.jar;C:\Users\ebencol\.m2\repository\io\netty\netty-handler-proxy\4.1.36.Final\netty-handler-proxy-4.1.36.Final.jar;C:\Users\ebencol\.m2\repository\io\netty\netty-codec-socks\4.1.36.Final\netty-codec-socks-4.1.36.Final.jar;C:\Users\ebencol\.m2\repository\io\netty\netty-transport-native-epoll\4.1.36.Final\netty-transport-native-epoll-4.1.36.Final-linux-x86_64.jar;C:\Users\ebencol\.m2\repository\io\netty\netty-transport-native-unix-common\4.1.36.Final\netty-transport-native-unix-common-4.1.36.Final.jar;C:\Users\ebencol\.m2\repository\org\glassfish\javax.el\3.0.0\javax.el-3.0.0.jar;C:\Users\ebencol\.m2\repository\org\hibernate\validator\hibernate-validator\6.0.17.Final\hibernate-validator-6.0.17.Final.jar;C:\Users\ebencol\.m2\repository\javax\validation\validation-api\2.0.1.Final\validation-api-2.0.1.Final.jar;C:\Users\ebencol\.m2\repository\org\jboss\logging\jboss-logging\3.3.2.Final\jboss-logging-3.3.2.Final.jar;C:\Users\ebencol\.m2\repository\com\fasterxml\classmate\1.4.0\classmate-1.4.0.jar;C:\Users\ebencol\.m2\repository\org\springframework\spring-web\5.1.8.RELEASE\spring-web-5.1.8.RELEASE.jar;C:\Users\ebencol\.m2\repository\org\springframework\spring-beans\5.1.8.RELEASE\spring-beans-5.1.8.RELEASE.jar;C:\Users\ebencol\.m2\repository\org\springframework\spring-webflux\5.1.8.RELEASE\spring-webflux-5.1.8.RELEASE.jar;C:\Users\ebencol\.m2\repository\io\projectreactor\reactor-core\3.2.10.RELEASE\reactor-core-3.2.10.RELEASE.jar;C:\Users\ebencol\.m2\repository\org\synchronoss\cloud\nio-multipart-parser\1.1.0\nio-multipart-parser-1.1.0.jar;C:\Users\ebencol\.m2\repository\org\synchronoss\cloud\nio-stream-storage\1.1.3\nio-stream-storage-1.1.3.jar;C:\Users\ebencol\.m2\repository\org\springframework\boot\spring-boot-starter-actuator\2.1.6.RELEASE\spring-boot-starter-actuator-2.1.6.RELEASE.jar;C:\Users\ebencol\.m2\repository\org\springframework\boot\spring-boot-actuator-autoconfigure\2.1.6.RELEASE\spring-boot-actuator-autoconfigure-2.1.6.RELEASE.jar;C:\Users\ebencol\.m2\repository\org\springframework\boot\spring-boot-actuator\2.1.6.RELEASE\spring-boot-actuator-2.1.6.RELEASE.jar;C:\Users\ebencol\.m2\repository\org\springframework\spring-context\5.1.8.RELEASE\spring-context-5.1.8.RELEASE.jar;C:\Users\ebencol\.m2\repository\org\springframework\cloud\spring-cloud-starter-gateway\2.1.0.RELEASE\spring-cloud-starter-gateway-2.1.0.RELEASE.jar;C:\Users\ebencol\.m2\repository\org\springframework\cloud\spring-cloud-starter\2.1.0.RELEASE\spring-cloud-starter-2.1.0.RELEASE.jar;C:\Users\ebencol\.m2\repository\org\springframework\cloud\spring-cloud-context\2.1.0.RELEASE\spring-cloud-context-2.1.0.RELEASE.jar;C:\Users\ebencol\.m2\repository\org\springframework\security\spring-security-crypto\5.1.5.RELEASE\spring-security-crypto-5.1.5.RELEASE.jar;C:\Users\ebencol\.m2\repository\org\springframework\cloud\spring-cloud-commons\2.1.0.RELEASE\spring-cloud-commons-2.1.0.RELEASE.jar;C:\Users\ebencol\.m2\repository\org\springframework\security\spring-security-rsa\1.0.7.RELEASE\spring-security-rsa-1.0.7.RELEASE.jar;C:\Users\ebencol\.m2\repository\org\bouncycastle\bcpkix-jdk15on\1.60\bcpkix-jdk15on-1.60.jar;C:\Users\ebencol\.m2\repository\org\bouncycastle\bcprov-jdk15on\1.60\bcprov-jdk15on-1.60.jar;C:\Users\ebencol\.m2\repository\org\springframework\cloud\spring-cloud-gateway-core\2.1.0.RELEASE\spring-cloud-gateway-core-2.1.0.RELEASE.jar;C:\Users\ebencol\.m2\repository\io\projectreactor\addons\reactor-extra\3.2.3.RELEASE\reactor-extra-3.2.3.RELEASE.jar;C:\Users\ebencol\.m2\repository\org\springframework\cloud\spring-cloud-starter-netflix-hystrix\2.1.0.RELEASE\spring-cloud-starter-netflix-hystrix-2.1.0.RELEASE.jar;C:\Users\ebencol\.m2\repository\org\springframework\cloud\spring-cloud-netflix-hystrix\2.1.0.RELEASE\spring-cloud-netflix-hystrix-2.1.0.RELEASE.jar;C:\Users\ebencol\.m2\repository\org\springframework\cloud\spring-cloud-netflix-ribbon\2.1.0.RELEASE\spring-cloud-netflix-ribbon-2.1.0.RELEASE.jar;C:\Users\ebencol\.m2\repository\org\springframework\cloud\spring-cloud-netflix-archaius\2.1.0.RELEASE\spring-cloud-netflix-archaius-2.1.0.RELEASE.jar;C:\Users\ebencol\.m2\repository\org\springframework\cloud\spring-cloud-starter-netflix-archaius\2.1.0.RELEASE\spring-cloud-starter-netflix-archaius-2.1.0.RELEASE.jar;C:\Users\ebencol\.m2\repository\com\netflix\archaius\archaius-core\0.7.6\archaius-core-0.7.6.jar;C:\Users\ebencol\.m2\repository\com\google\code\findbugs\jsr305\3.0.1\jsr305-3.0.1.jar;C:\Users\ebencol\.m2\repository\commons-configuration\commons-configuration\1.8\commons-configuration-1.8.jar;C:\Users\ebencol\.m2\repository\commons-lang\commons-lang\2.6\commons-lang-2.6.jar;C:\Users\ebencol\.m2\repository\com\netflix\hystrix\hystrix-core\1.5.18\hystrix-core-1.5.18.jar;C:\Users\ebencol\.m2\repository\io\reactivex\rxjava\1.3.8\rxjava-1.3.8.jar;C:\Users\ebencol\.m2\repository\com\netflix\hystrix\hystrix-serialization\1.5.18\hystrix-serialization-1.5.18.jar;C:\Users\ebencol\.m2\repository\com\fasterxml\jackson\module\jackson-module-afterburner\2.9.9\jackson-module-afterburner-2.9.9.jar;C:\Users\ebencol\.m2\repository\com\netflix\hystrix\hystrix-metrics-event-stream\1.5.18\hystrix-metrics-event-stream-1.5.18.jar;C:\Users\ebencol\.m2\repository\com\netflix\hystrix\hystrix-javanica\1.5.18\hystrix-javanica-1.5.18.jar;C:\Users\ebencol\.m2\repository\org\apache\commons\commons-lang3\3.8.1\commons-lang3-3.8.1.jar;C:\Users\ebencol\.m2\repository\org\ow2\asm\asm\5.0.4\asm-5.0.4.jar;C:\Users\ebencol\.m2\repository\org\aspectj\aspectjweaver\1.9.4\aspectjweaver-1.9.4.jar;C:\Users\ebencol\.m2\repository\io\reactivex\rxjava-reactive-streams\1.2.1\rxjava-reactive-streams-1.2.1.jar;C:\Users\ebencol\.m2\repository\org\reactivestreams\reactive-streams\1.0.2\reactive-streams-1.0.2.jar;C:\Users\ebencol\.m2\repository\org\springframework\cloud\spring-cloud-starter-security\2.1.0.RELEASE\spring-cloud-starter-security-2.1.0.RELEASE.jar;C:\Users\ebencol\.m2\repository\org\springframework\cloud\spring-cloud-security\2.1.0.RELEASE\spring-cloud-security-2.1.0.RELEASE.jar;C:\Users\ebencol\.m2\repository\org\springframework\boot\spring-boot-starter-security\2.1.6.RELEASE\spring-boot-starter-security-2.1.6.RELEASE.jar;C:\Users\ebencol\.m2\repository\org\springframework\security\spring-security-config\5.1.5.RELEASE\spring-security-config-5.1.5.RELEASE.jar;C:\Users\ebencol\.m2\repository\org\springframework\session\spring-session-core\2.1.7.RELEASE\spring-session-core-2.1.7.RELEASE.jar;C:\Users\ebencol\.m2\repository\org\springframework\spring-jcl\5.1.8.RELEASE\spring-jcl-5.1.8.RELEASE.jar;C:\Users\ebencol\.m2\repository\org\springframework\security\spring-security-oauth2-client\5.1.5.RELEASE\spring-security-oauth2-client-5.1.5.RELEASE.jar;C:\Users\ebencol\.m2\repository\com\nimbusds\oauth2-oidc-sdk\6.0\oauth2-oidc-sdk-6.0.jar;C:\Users\ebencol\.m2\repository\com\sun\mail\javax.mail\1.6.2\javax.mail-1.6.2.jar;C:\Users\ebencol\.m2\repository\javax\activation\activation\1.1\activation-1.1.jar;C:\Users\ebencol\.m2\repository\com\github\stephenc\jcip\jcip-annotations\1.0-1\jcip-annotations-1.0-1.jar;C:\Users\ebencol\.m2\repository\net\minidev\json-smart\2.3\json-smart-2.3.jar;C:\Users\ebencol\.m2\repository\net\minidev\accessors-smart\1.2\accessors-smart-1.2.jar;C:\Users\ebencol\.m2\repository\com\nimbusds\lang-tag\1.5\lang-tag-1.5.jar;C:\Users\ebencol\.m2\repository\com\nimbusds\nimbus-jose-jwt\9.1.2\nimbus-jose-jwt-9.1.2.jar;C:\Users\ebencol\.m2\repository\org\springframework\security\spring-security-core\5.1.5.RELEASE\spring-security-core-5.1.5.RELEASE.jar;C:\Users\ebencol\.m2\repository\org\springframework\spring-aop\5.1.8.RELEASE\spring-aop-5.1.8.RELEASE.jar;C:\Users\ebencol\.m2\repository\org\springframework\spring-expression\5.1.8.RELEASE\spring-expression-5.1.8.RELEASE.jar;C:\Users\ebencol\.m2\repository\org\springframework\security\spring-security-oauth2-core\5.1.5.RELEASE\spring-security-oauth2-core-5.1.5.RELEASE.jar;C:\Users\ebencol\.m2\repository\org\springframework\security\spring-security-web\5.1.5.RELEASE\spring-security-web-5.1.5.RELEASE.jar;C:\Users\ebencol\.m2\repository\org\springframework\spring-core\5.1.8.RELEASE\spring-core-5.1.8.RELEASE.jar;C:\Users\ebencol\.m2\repository\org\springframework\cloud\spring-cloud-starter-sleuth\2.1.0.RELEASE\spring-cloud-starter-sleuth-2.1.0.RELEASE.jar;C:\Users\ebencol\.m2\repository\org\springframework\boot\spring-boot-starter-aop\2.1.6.RELEASE\spring-boot-starter-aop-2.1.6.RELEASE.jar;C:\Users\ebencol\.m2\repository\org\springframework\cloud\spring-cloud-sleuth-core\2.1.0.RELEASE\spring-cloud-sleuth-core-2.1.0.RELEASE.jar;C:\Users\ebencol\.m2\repository\org\aspectj\aspectjrt\1.9.4\aspectjrt-1.9.4.jar;C:\Users\ebencol\.m2\repository\io\zipkin\brave\brave\5.6.1\brave-5.6.1.jar;C:\Users\ebencol\.m2\repository\io\zipkin\zipkin2\zipkin\2.12.0\zipkin-2.12.0.jar;C:\Users\ebencol\.m2\repository\io\zipkin\reporter2\zipkin-reporter\2.7.14\zipkin-reporter-2.7.14.jar;C:\Users\ebencol\.m2\repository\io\zipkin\brave\brave-context-log4j2\5.6.1\brave-context-log4j2-5.6.1.jar;C:\Users\ebencol\.m2\repository\io\zipkin\brave\brave-instrumentation-spring-web\5.6.1\brave-instrumentation-spring-web-5.6.1.jar;C:\Users\ebencol\.m2\repository\io\zipkin\brave\brave-instrumentation-http\5.6.1\brave-instrumentation-http-5.6.1.jar;C:\Users\ebencol\.m2\repository\io\zipkin\brave\brave-instrumentation-spring-rabbit\5.6.1\brave-instrumentation-spring-rabbit-5.6.1.jar;C:\Users\ebencol\.m2\repository\io\zipkin\brave\brave-instrumentation-kafka-clients\5.6.1\brave-instrumentation-kafka-clients-5.6.1.jar;C:\Users\ebencol\.m2\repository\io\zipkin\brave\brave-instrumentation-httpclient\5.6.1\brave-instrumentation-httpclient-5.6.1.jar;C:\Users\ebencol\.m2\repository\io\zipkin\brave\brave-instrumentation-httpasyncclient\5.6.1\brave-instrumentation-httpasyncclient-5.6.1.jar;C:\Users\ebencol\.m2\repository\io\zipkin\brave\brave-instrumentation-spring-webmvc\5.6.1\brave-instrumentation-spring-webmvc-5.6.1.jar;C:\Users\ebencol\.m2\repository\io\zipkin\brave\brave-instrumentation-servlet\5.6.1\brave-instrumentation-servlet-5.6.1.jar;C:\Users\ebencol\.m2\repository\io\zipkin\brave\brave-instrumentation-jms\5.6.1\brave-instrumentation-jms-5.6.1.jar;C:\Users\ebencol\.m2\repository\com\hazelcast\hazelcast\3.12.1\hazelcast-3.12.1.jar;C:\Users\ebencol\.m2\repository\io\micrometer\micrometer-registry-prometheus\1.1.3\micrometer-registry-prometheus-1.1.3.jar;C:\Users\ebencol\.m2\repository\io\prometheus\simpleclient_common\0.5.0\simpleclient_common-0.5.0.jar;C:\Users\ebencol\.m2\repository\io\prometheus\simpleclient\0.5.0\simpleclient-0.5.0.jar;C:\Users\ebencol\.m2\repository\io\micrometer\micrometer-core\1.1.3\micrometer-core-1.1.3.jar;C:\Users\ebencol\.m2\repository\org\hdrhistogram\HdrHistogram\2.1.9\HdrHistogram-2.1.9.jar;C:\Users\ebencol\.m2\repository\org\latencyutils\LatencyUtils\2.0.3\LatencyUtils-2.0.3.jar;C:\Users\ebencol\.m2\repository\com\ericsson\oss\orchestration\eo\eric-common-logging\1.0.2\eric-common-logging-1.0.2.jar;C:\Users\ebencol\.m2\repository\net\logstash\logback\logstash-logback-encoder\6.1\logstash-logback-encoder-6.1.jar;C:\Users\ebencol\.m2\repository\ch\qos\logback\logback-classic\1.2.3\logback-classic-1.2.3.jar;C:\Users\ebencol\.m2\repository\ch\qos\logback\logback-core\1.2.3\logback-core-1.2.3.jar;C:\Users\ebencol\.m2\repository\org\slf4j\slf4j-api\1.7.26\slf4j-api-1.7.26.jar;C:\Users\ebencol\.m2\repository\org\springframework\boot\spring-boot-starter-test\2.1.6.RELEASE\spring-boot-starter-test-2.1.6.RELEASE.jar;C:\Users\ebencol\.m2\repository\org\springframework\boot\spring-boot-test\2.1.6.RELEASE\spring-boot-test-2.1.6.RELEASE.jar;C:\Users\ebencol\.m2\repository\org\springframework\boot\spring-boot-test-autoconfigure\2.1.6.RELEASE\spring-boot-test-autoconfigure-2.1.6.RELEASE.jar;C:\Users\ebencol\.m2\repository\com\jayway\jsonpath\json-path\2.4.0\json-path-2.4.0.jar;C:\Users\ebencol\.m2\repository\org\assertj\assertj-core\3.11.1\assertj-core-3.11.1.jar;C:\Users\ebencol\.m2\repository\org\mockito\mockito-core\2.23.4\mockito-core-2.23.4.jar;C:\Users\ebencol\.m2\repository\net\bytebuddy\byte-buddy\1.9.13\byte-buddy-1.9.13.jar;C:\Users\ebencol\.m2\repository\net\bytebuddy\byte-buddy-agent\1.9.13\byte-buddy-agent-1.9.13.jar;C:\Users\ebencol\.m2\repository\org\hamcrest\hamcrest-core\1.3\hamcrest-core-1.3.jar;C:\Users\ebencol\.m2\repository\org\hamcrest\hamcrest-library\1.3\hamcrest-library-1.3.jar;C:\Users\ebencol\.m2\repository\org\skyscreamer\jsonassert\1.5.0\jsonassert-1.5.0.jar;C:\Users\ebencol\.m2\repository\com\vaadin\external\google\android-json\0.0.20131108.vaadin1\android-json-0.0.20131108.vaadin1.jar;C:\Users\ebencol\.m2\repository\org\springframework\spring-test\5.1.8.RELEASE\spring-test-5.1.8.RELEASE.jar;C:\Users\ebencol\.m2\repository\org\xmlunit\xmlunit-core\2.6.2\xmlunit-core-2.6.2.jar;C:\Users\ebencol\.m2\repository\commons-io\commons-io\2.5\commons-io-2.5.jar;C:\Users\ebencol\.m2\repository\org\apache\maven\plugins\maven-failsafe-plugin\2.13\maven-failsafe-plugin-2.13.jar;C:\Users\ebencol\.m2\repository\org\apache\maven\maven-plugin-api\2.0.9\maven-plugin-api-2.0.9.jar;C:\Users\ebencol\.m2\repository\org\apache\maven\surefire\maven-surefire-common\2.13\maven-surefire-common-2.13.jar;C:\Users\ebencol\.m2\repository\org\apache\maven\surefire\surefire-booter\2.13\surefire-booter-2.13.jar;C:\Users\ebencol\.m2\repository\org\apache\maven\maven-artifact\2.0.9\maven-artifact-2.0.9.jar;C:\Users\ebencol\.m2\repository\org\codehaus\plexus\plexus-utils\1.5.1\plexus-utils-1.5.1.jar;C:\Users\ebencol\.m2\repository\org\apache\maven\maven-plugin-descriptor\2.0.9\maven-plugin-descriptor-2.0.9.jar;C:\Users\ebencol\.m2\repository\org\codehaus\plexus\plexus-container-default\1.0-alpha-9-stable-1\plexus-container-default-1.0-alpha-9-stable-1.jar;C:\Users\ebencol\.m2\repository\junit\junit\4.12\junit-4.12.jar;C:\Users\ebencol\.m2\repository\org\apache\maven\maven-project\2.0.9\maven-project-2.0.9.jar;C:\Users\ebencol\.m2\repository\org\apache\maven\maven-settings\2.0.9\maven-settings-2.0.9.jar;C:\Users\ebencol\.m2\repository\org\apache\maven\maven-profile\2.0.9\maven-profile-2.0.9.jar;C:\Users\ebencol\.m2\repository\org\apache\maven\maven-artifact-manager\2.0.9\maven-artifact-manager-2.0.9.jar;C:\Users\ebencol\.m2\repository\org\apache\maven\maven-plugin-registry\2.0.9\maven-plugin-registry-2.0.9.jar;C:\Users\ebencol\.m2\repository\org\apache\maven\maven-model\2.0.9\maven-model-2.0.9.jar;C:\Users\ebencol\.m2\repository\org\apache\maven\maven-core\2.0.9\maven-core-2.0.9.jar;C:\Users\ebencol\.m2\repository\org\apache\maven\maven-plugin-parameter-documenter\2.0.9\maven-plugin-parameter-documenter-2.0.9.jar;C:\Users\ebencol\.m2\repository\org\apache\maven\reporting\maven-reporting-api\2.0.9\maven-reporting-api-2.0.9.jar;C:\Users\ebencol\.m2\repository\org\apache\maven\wagon\wagon-provider-api\1.0-beta-2\wagon-provider-api-1.0-beta-2.jar;C:\Users\ebencol\.m2\repository\org\apache\maven\maven-repository-metadata\2.0.9\maven-repository-metadata-2.0.9.jar;C:\Users\ebencol\.m2\repository\org\apache\maven\maven-error-diagnostics\2.0.9\maven-error-diagnostics-2.0.9.jar;C:\Users\ebencol\.m2\repository\org\apache\maven\maven-monitor\2.0.9\maven-monitor-2.0.9.jar;C:\Users\ebencol\.m2\repository\classworlds\classworlds\1.1\classworlds-1.1.jar;C:\Users\ebencol\.m2\repository\org\apache\maven\maven-toolchain\2.0.9\maven-toolchain-2.0.9.jar;C:\Users\ebencol\.m2\repository\org\apache\maven\surefire\surefire-api\2.13\surefire-api-2.13.jar;C:\Users\ebencol\.m2\repository\org\apache\maven\plugin-tools\maven-plugin-annotations\3.2\maven-plugin-annotations-3.2.jar;C:\Users\ebencol\.m2\repository\org\junit\jupiter\junit-jupiter-engine\5.3.2\junit-jupiter-engine-5.3.2.jar;C:\Users\ebencol\.m2\repository\org\apiguardian\apiguardian-api\1.0.0\apiguardian-api-1.0.0.jar;C:\Users\ebencol\.m2\repository\org\junit\platform\junit-platform-engine\1.3.2\junit-platform-engine-1.3.2.jar;C:\Users\ebencol\.m2\repository\org\junit\platform\junit-platform-commons\1.3.2\junit-platform-commons-1.3.2.jar;C:\Users\ebencol\.m2\repository\org\opentest4j\opentest4j\1.1.1\opentest4j-1.1.1.jar;C:\Users\ebencol\.m2\repository\org\junit\jupiter\junit-jupiter-api\5.3.2\junit-jupiter-api-5.3.2.jar;C:\Users\ebencol\.m2\repository\org\mockito\mockito-junit-jupiter\2.23.4\mockito-junit-jupiter-2.23.4.jar;C:\Users\ebencol\.m2\repository\org\junit\jupiter\junit-jupiter-params\5.3.2\junit-jupiter-params-5.3.2.jar;C:\Users\ebencol\.m2\repository\com\github\tomakehurst\wiremock\1.58\wiremock-1.58.jar;C:\Users\ebencol\.m2\repository\org\apache\httpcomponents\httpclient\4.5.9\httpclient-4.5.9.jar;C:\Users\ebencol\.m2\repository\org\apache\httpcomponents\httpcore\4.4.11\httpcore-4.4.11.jar;C:\Users\ebencol\.m2\repository\commons-codec\commons-codec\1.11\commons-codec-1.11.jar;C:\Users\ebencol\.m2\repository\xmlunit\xmlunit\1.6\xmlunit-1.6.jar;C:\Users\ebencol\.m2\repository\org\mortbay\jetty\jetty\6.1.26\jetty-6.1.26.jar;C:\Users\ebencol\.m2\repository\org\mortbay\jetty\jetty-util\6.1.26\jetty-util-6.1.26.jar;C:\Users\ebencol\.m2\repository\org\mortbay\jetty\servlet-api\2.5-20081211\servlet-api-2.5-20081211.jar;C:\Users\ebencol\.m2\repository\com\fasterxml\jackson\core\jackson-databind\2.9.9\jackson-databind-2.9.9.jar;C:\Users\ebencol\.m2\repository\com\fasterxml\jackson\core\jackson-annotations\2.9.0\jackson-annotations-2.9.0.jar;C:\Users\ebencol\.m2\repository\net\sf\jopt-simple\jopt-simple\4.9\jopt-simple-4.9.jar;C:\Users\ebencol\.m2\repository\com\google\guava\guava\18.0\guava-18.0.jar;C:\Users\ebencol\.m2\repository\org\awaitility\awaitility\3.1.2\awaitility-3.1.2.jar;C:\Users\ebencol\.m2\repository\org\objenesis\objenesis\2.6\objenesis-2.6.jar;C:\Users\ebencol\.m2\repository\com\fasterxml\jackson\core\jackson-core\2.10.0\jackson-core-2.10.0.jar;C:\Users\ebencol\.m2\repository\org\projectlombok\lombok\1.18.8\lombok-1.18.8.jar;"/>
    <property name="java.vm.vendor" value="Oracle Corporation"/>
    <property name="sun.arch.data.model" value="64"/>
    <property name="user.variant" value=""/>
    <property name="java.vendor.url" value="http://java.oracle.com/"/>
    <property name="user.timezone" value="Europe/London"/>
    <property name="java.vm.specification.version" value="1.8"/>
    <property name="os.name" value="Windows 10"/>
    <property name="user.country" value="IE"/>
    <property name="sun.java.launcher" value="SUN_STANDARD"/>
    <property name="sun.boot.library.path" value="C:\Program Files\Java\jdk1.8.0_241\jre\bin"/>
    <property name="sun.java.command" value="C:\Users\ebencol\AppData\Local\Temp\surefire2540240179770953357\surefirebooter5200520348655474788.jar C:\Users\ebencol\AppData\Local\Temp\surefire2540240179770953357 2020-11-11T14-04-54_426-jvmRun1 surefire1448875940505029856tmp surefire_0593248549708247162tmp"/>
    <property name="surefire.test.class.path" value="C:\Users\ebencol\code\concordia\api-gateway\target\test-classes;C:\Users\ebencol\code\concordia\api-gateway\target\classes;C:\Users\ebencol\.m2\repository\org\springframework\boot\spring-boot-starter-webflux\2.1.6.RELEASE\spring-boot-starter-webflux-2.1.6.RELEASE.jar;C:\Users\ebencol\.m2\repository\org\springframework\boot\spring-boot-starter\2.1.6.RELEASE\spring-boot-starter-2.1.6.RELEASE.jar;C:\Users\ebencol\.m2\repository\org\springframework\boot\spring-boot\2.1.6.RELEASE\spring-boot-2.1.6.RELEASE.jar;C:\Users\ebencol\.m2\repository\org\springframework\boot\spring-boot-autoconfigure\2.1.6.RELEASE\spring-boot-autoconfigure-2.1.6.RELEASE.jar;C:\Users\ebencol\.m2\repository\org\springframework\boot\spring-boot-starter-logging\2.1.6.RELEASE\spring-boot-starter-logging-2.1.6.RELEASE.jar;C:\Users\ebencol\.m2\repository\org\apache\logging\log4j\log4j-to-slf4j\2.11.2\log4j-to-slf4j-2.11.2.jar;C:\Users\ebencol\.m2\repository\org\apache\logging\log4j\log4j-api\2.11.2\log4j-api-2.11.2.jar;C:\Users\ebencol\.m2\repository\org\slf4j\jul-to-slf4j\1.7.26\jul-to-slf4j-1.7.26.jar;C:\Users\ebencol\.m2\repository\javax\annotation\javax.annotation-api\1.3.2\javax.annotation-api-1.3.2.jar;C:\Users\ebencol\.m2\repository\org\yaml\snakeyaml\1.23\snakeyaml-1.23.jar;C:\Users\ebencol\.m2\repository\org\springframework\boot\spring-boot-starter-json\2.1.6.RELEASE\spring-boot-starter-json-2.1.6.RELEASE.jar;C:\Users\ebencol\.m2\repository\com\fasterxml\jackson\datatype\jackson-datatype-jdk8\2.9.9\jackson-datatype-jdk8-2.9.9.jar;C:\Users\ebencol\.m2\repository\com\fasterxml\jackson\datatype\jackson-datatype-jsr310\2.9.9\jackson-datatype-jsr310-2.9.9.jar;C:\Users\ebencol\.m2\repository\com\fasterxml\jackson\module\jackson-module-parameter-names\2.9.9\jackson-module-parameter-names-2.9.9.jar;C:\Users\ebencol\.m2\repository\org\springframework\boot\spring-boot-starter-reactor-netty\2.1.6.RELEASE\spring-boot-starter-reactor-netty-2.1.6.RELEASE.jar;C:\Users\ebencol\.m2\repository\io\projectreactor\netty\reactor-netty\0.8.9.RELEASE\reactor-netty-0.8.9.RELEASE.jar;C:\Users\ebencol\.m2\repository\io\netty\netty-codec-http\4.1.36.Final\netty-codec-http-4.1.36.Final.jar;C:\Users\ebencol\.m2\repository\io\netty\netty-common\4.1.36.Final\netty-common-4.1.36.Final.jar;C:\Users\ebencol\.m2\repository\io\netty\netty-buffer\4.1.36.Final\netty-buffer-4.1.36.Final.jar;C:\Users\ebencol\.m2\repository\io\netty\netty-transport\4.1.36.Final\netty-transport-4.1.36.Final.jar;C:\Users\ebencol\.m2\repository\io\netty\netty-resolver\4.1.36.Final\netty-resolver-4.1.36.Final.jar;C:\Users\ebencol\.m2\repository\io\netty\netty-codec\4.1.36.Final\netty-codec-4.1.36.Final.jar;C:\Users\ebencol\.m2\repository\io\netty\netty-codec-http2\4.1.36.Final\netty-codec-http2-4.1.36.Final.jar;C:\Users\ebencol\.m2\repository\io\netty\netty-handler\4.1.36.Final\netty-handler-4.1.36.Final.jar;C:\Users\ebencol\.m2\repository\io\netty\netty-handler-proxy\4.1.36.Final\netty-handler-proxy-4.1.36.Final.jar;C:\Users\ebencol\.m2\repository\io\netty\netty-codec-socks\4.1.36.Final\netty-codec-socks-4.1.36.Final.jar;C:\Users\ebencol\.m2\repository\io\netty\netty-transport-native-epoll\4.1.36.Final\netty-transport-native-epoll-4.1.36.Final-linux-x86_64.jar;C:\Users\ebencol\.m2\repository\io\netty\netty-transport-native-unix-common\4.1.36.Final\netty-transport-native-unix-common-4.1.36.Final.jar;C:\Users\ebencol\.m2\repository\org\glassfish\javax.el\3.0.0\javax.el-3.0.0.jar;C:\Users\ebencol\.m2\repository\org\hibernate\validator\hibernate-validator\6.0.17.Final\hibernate-validator-6.0.17.Final.jar;C:\Users\ebencol\.m2\repository\javax\validation\validation-api\2.0.1.Final\validation-api-2.0.1.Final.jar;C:\Users\ebencol\.m2\repository\org\jboss\logging\jboss-logging\3.3.2.Final\jboss-logging-3.3.2.Final.jar;C:\Users\ebencol\.m2\repository\com\fasterxml\classmate\1.4.0\classmate-1.4.0.jar;C:\Users\ebencol\.m2\repository\org\springframework\spring-web\5.1.8.RELEASE\spring-web-5.1.8.RELEASE.jar;C:\Users\ebencol\.m2\repository\org\springframework\spring-beans\5.1.8.RELEASE\spring-beans-5.1.8.RELEASE.jar;C:\Users\ebencol\.m2\repository\org\springframework\spring-webflux\5.1.8.RELEASE\spring-webflux-5.1.8.RELEASE.jar;C:\Users\ebencol\.m2\repository\io\projectreactor\reactor-core\3.2.10.RELEASE\reactor-core-3.2.10.RELEASE.jar;C:\Users\ebencol\.m2\repository\org\synchronoss\cloud\nio-multipart-parser\1.1.0\nio-multipart-parser-1.1.0.jar;C:\Users\ebencol\.m2\repository\org\synchronoss\cloud\nio-stream-storage\1.1.3\nio-stream-storage-1.1.3.jar;C:\Users\ebencol\.m2\repository\org\springframework\boot\spring-boot-starter-actuator\2.1.6.RELEASE\spring-boot-starter-actuator-2.1.6.RELEASE.jar;C:\Users\ebencol\.m2\repository\org\springframework\boot\spring-boot-actuator-autoconfigure\2.1.6.RELEASE\spring-boot-actuator-autoconfigure-2.1.6.RELEASE.jar;C:\Users\ebencol\.m2\repository\org\springframework\boot\spring-boot-actuator\2.1.6.RELEASE\spring-boot-actuator-2.1.6.RELEASE.jar;C:\Users\ebencol\.m2\repository\org\springframework\spring-context\5.1.8.RELEASE\spring-context-5.1.8.RELEASE.jar;C:\Users\ebencol\.m2\repository\org\springframework\cloud\spring-cloud-starter-gateway\2.1.0.RELEASE\spring-cloud-starter-gateway-2.1.0.RELEASE.jar;C:\Users\ebencol\.m2\repository\org\springframework\cloud\spring-cloud-starter\2.1.0.RELEASE\spring-cloud-starter-2.1.0.RELEASE.jar;C:\Users\ebencol\.m2\repository\org\springframework\cloud\spring-cloud-context\2.1.0.RELEASE\spring-cloud-context-2.1.0.RELEASE.jar;C:\Users\ebencol\.m2\repository\org\springframework\security\spring-security-crypto\5.1.5.RELEASE\spring-security-crypto-5.1.5.RELEASE.jar;C:\Users\ebencol\.m2\repository\org\springframework\cloud\spring-cloud-commons\2.1.0.RELEASE\spring-cloud-commons-2.1.0.RELEASE.jar;C:\Users\ebencol\.m2\repository\org\springframework\security\spring-security-rsa\1.0.7.RELEASE\spring-security-rsa-1.0.7.RELEASE.jar;C:\Users\ebencol\.m2\repository\org\bouncycastle\bcpkix-jdk15on\1.60\bcpkix-jdk15on-1.60.jar;C:\Users\ebencol\.m2\repository\org\bouncycastle\bcprov-jdk15on\1.60\bcprov-jdk15on-1.60.jar;C:\Users\ebencol\.m2\repository\org\springframework\cloud\spring-cloud-gateway-core\2.1.0.RELEASE\spring-cloud-gateway-core-2.1.0.RELEASE.jar;C:\Users\ebencol\.m2\repository\io\projectreactor\addons\reactor-extra\3.2.3.RELEASE\reactor-extra-3.2.3.RELEASE.jar;C:\Users\ebencol\.m2\repository\org\springframework\cloud\spring-cloud-starter-netflix-hystrix\2.1.0.RELEASE\spring-cloud-starter-netflix-hystrix-2.1.0.RELEASE.jar;C:\Users\ebencol\.m2\repository\org\springframework\cloud\spring-cloud-netflix-hystrix\2.1.0.RELEASE\spring-cloud-netflix-hystrix-2.1.0.RELEASE.jar;C:\Users\ebencol\.m2\repository\org\springframework\cloud\spring-cloud-netflix-ribbon\2.1.0.RELEASE\spring-cloud-netflix-ribbon-2.1.0.RELEASE.jar;C:\Users\ebencol\.m2\repository\org\springframework\cloud\spring-cloud-netflix-archaius\2.1.0.RELEASE\spring-cloud-netflix-archaius-2.1.0.RELEASE.jar;C:\Users\ebencol\.m2\repository\org\springframework\cloud\spring-cloud-starter-netflix-archaius\2.1.0.RELEASE\spring-cloud-starter-netflix-archaius-2.1.0.RELEASE.jar;C:\Users\ebencol\.m2\repository\com\netflix\archaius\archaius-core\0.7.6\archaius-core-0.7.6.jar;C:\Users\ebencol\.m2\repository\com\google\code\findbugs\jsr305\3.0.1\jsr305-3.0.1.jar;C:\Users\ebencol\.m2\repository\commons-configuration\commons-configuration\1.8\commons-configuration-1.8.jar;C:\Users\ebencol\.m2\repository\commons-lang\commons-lang\2.6\commons-lang-2.6.jar;C:\Users\ebencol\.m2\repository\com\netflix\hystrix\hystrix-core\1.5.18\hystrix-core-1.5.18.jar;C:\Users\ebencol\.m2\repository\io\reactivex\rxjava\1.3.8\rxjava-1.3.8.jar;C:\Users\ebencol\.m2\repository\com\netflix\hystrix\hystrix-serialization\1.5.18\hystrix-serialization-1.5.18.jar;C:\Users\ebencol\.m2\repository\com\fasterxml\jackson\module\jackson-module-afterburner\2.9.9\jackson-module-afterburner-2.9.9.jar;C:\Users\ebencol\.m2\repository\com\netflix\hystrix\hystrix-metrics-event-stream\1.5.18\hystrix-metrics-event-stream-1.5.18.jar;C:\Users\ebencol\.m2\repository\com\netflix\hystrix\hystrix-javanica\1.5.18\hystrix-javanica-1.5.18.jar;C:\Users\ebencol\.m2\repository\org\apache\commons\commons-lang3\3.8.1\commons-lang3-3.8.1.jar;C:\Users\ebencol\.m2\repository\org\ow2\asm\asm\5.0.4\asm-5.0.4.jar;C:\Users\ebencol\.m2\repository\org\aspectj\aspectjweaver\1.9.4\aspectjweaver-1.9.4.jar;C:\Users\ebencol\.m2\repository\io\reactivex\rxjava-reactive-streams\1.2.1\rxjava-reactive-streams-1.2.1.jar;C:\Users\ebencol\.m2\repository\org\reactivestreams\reactive-streams\1.0.2\reactive-streams-1.0.2.jar;C:\Users\ebencol\.m2\repository\org\springframework\cloud\spring-cloud-starter-security\2.1.0.RELEASE\spring-cloud-starter-security-2.1.0.RELEASE.jar;C:\Users\ebencol\.m2\repository\org\springframework\cloud\spring-cloud-security\2.1.0.RELEASE\spring-cloud-security-2.1.0.RELEASE.jar;C:\Users\ebencol\.m2\repository\org\springframework\boot\spring-boot-starter-security\2.1.6.RELEASE\spring-boot-starter-security-2.1.6.RELEASE.jar;C:\Users\ebencol\.m2\repository\org\springframework\security\spring-security-config\5.1.5.RELEASE\spring-security-config-5.1.5.RELEASE.jar;C:\Users\ebencol\.m2\repository\org\springframework\session\spring-session-core\2.1.7.RELEASE\spring-session-core-2.1.7.RELEASE.jar;C:\Users\ebencol\.m2\repository\org\springframework\spring-jcl\5.1.8.RELEASE\spring-jcl-5.1.8.RELEASE.jar;C:\Users\ebencol\.m2\repository\org\springframework\security\spring-security-oauth2-client\5.1.5.RELEASE\spring-security-oauth2-client-5.1.5.RELEASE.jar;C:\Users\ebencol\.m2\repository\com\nimbusds\oauth2-oidc-sdk\6.0\oauth2-oidc-sdk-6.0.jar;C:\Users\ebencol\.m2\repository\com\sun\mail\javax.mail\1.6.2\javax.mail-1.6.2.jar;C:\Users\ebencol\.m2\repository\javax\activation\activation\1.1\activation-1.1.jar;C:\Users\ebencol\.m2\repository\com\github\stephenc\jcip\jcip-annotations\1.0-1\jcip-annotations-1.0-1.jar;C:\Users\ebencol\.m2\repository\net\minidev\json-smart\2.3\json-smart-2.3.jar;C:\Users\ebencol\.m2\repository\net\minidev\accessors-smart\1.2\accessors-smart-1.2.jar;C:\Users\ebencol\.m2\repository\com\nimbusds\lang-tag\1.5\lang-tag-1.5.jar;C:\Users\ebencol\.m2\repository\com\nimbusds\nimbus-jose-jwt\9.1.2\nimbus-jose-jwt-9.1.2.jar;C:\Users\ebencol\.m2\repository\org\springframework\security\spring-security-core\5.1.5.RELEASE\spring-security-core-5.1.5.RELEASE.jar;C:\Users\ebencol\.m2\repository\org\springframework\spring-aop\5.1.8.RELEASE\spring-aop-5.1.8.RELEASE.jar;C:\Users\ebencol\.m2\repository\org\springframework\spring-expression\5.1.8.RELEASE\spring-expression-5.1.8.RELEASE.jar;C:\Users\ebencol\.m2\repository\org\springframework\security\spring-security-oauth2-core\5.1.5.RELEASE\spring-security-oauth2-core-5.1.5.RELEASE.jar;C:\Users\ebencol\.m2\repository\org\springframework\security\spring-security-web\5.1.5.RELEASE\spring-security-web-5.1.5.RELEASE.jar;C:\Users\ebencol\.m2\repository\org\springframework\spring-core\5.1.8.RELEASE\spring-core-5.1.8.RELEASE.jar;C:\Users\ebencol\.m2\repository\org\springframework\cloud\spring-cloud-starter-sleuth\2.1.0.RELEASE\spring-cloud-starter-sleuth-2.1.0.RELEASE.jar;C:\Users\ebencol\.m2\repository\org\springframework\boot\spring-boot-starter-aop\2.1.6.RELEASE\spring-boot-starter-aop-2.1.6.RELEASE.jar;C:\Users\ebencol\.m2\repository\org\springframework\cloud\spring-cloud-sleuth-core\2.1.0.RELEASE\spring-cloud-sleuth-core-2.1.0.RELEASE.jar;C:\Users\ebencol\.m2\repository\org\aspectj\aspectjrt\1.9.4\aspectjrt-1.9.4.jar;C:\Users\ebencol\.m2\repository\io\zipkin\brave\brave\5.6.1\brave-5.6.1.jar;C:\Users\ebencol\.m2\repository\io\zipkin\zipkin2\zipkin\2.12.0\zipkin-2.12.0.jar;C:\Users\ebencol\.m2\repository\io\zipkin\reporter2\zipkin-reporter\2.7.14\zipkin-reporter-2.7.14.jar;C:\Users\ebencol\.m2\repository\io\zipkin\brave\brave-context-log4j2\5.6.1\brave-context-log4j2-5.6.1.jar;C:\Users\ebencol\.m2\repository\io\zipkin\brave\brave-instrumentation-spring-web\5.6.1\brave-instrumentation-spring-web-5.6.1.jar;C:\Users\ebencol\.m2\repository\io\zipkin\brave\brave-instrumentation-http\5.6.1\brave-instrumentation-http-5.6.1.jar;C:\Users\ebencol\.m2\repository\io\zipkin\brave\brave-instrumentation-spring-rabbit\5.6.1\brave-instrumentation-spring-rabbit-5.6.1.jar;C:\Users\ebencol\.m2\repository\io\zipkin\brave\brave-instrumentation-kafka-clients\5.6.1\brave-instrumentation-kafka-clients-5.6.1.jar;C:\Users\ebencol\.m2\repository\io\zipkin\brave\brave-instrumentation-httpclient\5.6.1\brave-instrumentation-httpclient-5.6.1.jar;C:\Users\ebencol\.m2\repository\io\zipkin\brave\brave-instrumentation-httpasyncclient\5.6.1\brave-instrumentation-httpasyncclient-5.6.1.jar;C:\Users\ebencol\.m2\repository\io\zipkin\brave\brave-instrumentation-spring-webmvc\5.6.1\brave-instrumentation-spring-webmvc-5.6.1.jar;C:\Users\ebencol\.m2\repository\io\zipkin\brave\brave-instrumentation-servlet\5.6.1\brave-instrumentation-servlet-5.6.1.jar;C:\Users\ebencol\.m2\repository\io\zipkin\brave\brave-instrumentation-jms\5.6.1\brave-instrumentation-jms-5.6.1.jar;C:\Users\ebencol\.m2\repository\com\hazelcast\hazelcast\3.12.1\hazelcast-3.12.1.jar;C:\Users\ebencol\.m2\repository\io\micrometer\micrometer-registry-prometheus\1.1.3\micrometer-registry-prometheus-1.1.3.jar;C:\Users\ebencol\.m2\repository\io\prometheus\simpleclient_common\0.5.0\simpleclient_common-0.5.0.jar;C:\Users\ebencol\.m2\repository\io\prometheus\simpleclient\0.5.0\simpleclient-0.5.0.jar;C:\Users\ebencol\.m2\repository\io\micrometer\micrometer-core\1.1.3\micrometer-core-1.1.3.jar;C:\Users\ebencol\.m2\repository\org\hdrhistogram\HdrHistogram\2.1.9\HdrHistogram-2.1.9.jar;C:\Users\ebencol\.m2\repository\org\latencyutils\LatencyUtils\2.0.3\LatencyUtils-2.0.3.jar;C:\Users\ebencol\.m2\repository\com\ericsson\oss\orchestration\eo\eric-common-logging\1.0.2\eric-common-logging-1.0.2.jar;C:\Users\ebencol\.m2\repository\net\logstash\logback\logstash-logback-encoder\6.1\logstash-logback-encoder-6.1.jar;C:\Users\ebencol\.m2\repository\ch\qos\logback\logback-classic\1.2.3\logback-classic-1.2.3.jar;C:\Users\ebencol\.m2\repository\ch\qos\logback\logback-core\1.2.3\logback-core-1.2.3.jar;C:\Users\ebencol\.m2\repository\org\slf4j\slf4j-api\1.7.26\slf4j-api-1.7.26.jar;C:\Users\ebencol\.m2\repository\org\springframework\boot\spring-boot-starter-test\2.1.6.RELEASE\spring-boot-starter-test-2.1.6.RELEASE.jar;C:\Users\ebencol\.m2\repository\org\springframework\boot\spring-boot-test\2.1.6.RELEASE\spring-boot-test-2.1.6.RELEASE.jar;C:\Users\ebencol\.m2\repository\org\springframework\boot\spring-boot-test-autoconfigure\2.1.6.RELEASE\spring-boot-test-autoconfigure-2.1.6.RELEASE.jar;C:\Users\ebencol\.m2\repository\com\jayway\jsonpath\json-path\2.4.0\json-path-2.4.0.jar;C:\Users\ebencol\.m2\repository\org\assertj\assertj-core\3.11.1\assertj-core-3.11.1.jar;C:\Users\ebencol\.m2\repository\org\mockito\mockito-core\2.23.4\mockito-core-2.23.4.jar;C:\Users\ebencol\.m2\repository\net\bytebuddy\byte-buddy\1.9.13\byte-buddy-1.9.13.jar;C:\Users\ebencol\.m2\repository\net\bytebuddy\byte-buddy-agent\1.9.13\byte-buddy-agent-1.9.13.jar;C:\Users\ebencol\.m2\repository\org\hamcrest\hamcrest-core\1.3\hamcrest-core-1.3.jar;C:\Users\ebencol\.m2\repository\org\hamcrest\hamcrest-library\1.3\hamcrest-library-1.3.jar;C:\Users\ebencol\.m2\repository\org\skyscreamer\jsonassert\1.5.0\jsonassert-1.5.0.jar;C:\Users\ebencol\.m2\repository\com\vaadin\external\google\android-json\0.0.20131108.vaadin1\android-json-0.0.20131108.vaadin1.jar;C:\Users\ebencol\.m2\repository\org\springframework\spring-test\5.1.8.RELEASE\spring-test-5.1.8.RELEASE.jar;C:\Users\ebencol\.m2\repository\org\xmlunit\xmlunit-core\2.6.2\xmlunit-core-2.6.2.jar;C:\Users\ebencol\.m2\repository\commons-io\commons-io\2.5\commons-io-2.5.jar;C:\Users\ebencol\.m2\repository\org\apache\maven\plugins\maven-failsafe-plugin\2.13\maven-failsafe-plugin-2.13.jar;C:\Users\ebencol\.m2\repository\org\apache\maven\maven-plugin-api\2.0.9\maven-plugin-api-2.0.9.jar;C:\Users\ebencol\.m2\repository\org\apache\maven\surefire\maven-surefire-common\2.13\maven-surefire-common-2.13.jar;C:\Users\ebencol\.m2\repository\org\apache\maven\surefire\surefire-booter\2.13\surefire-booter-2.13.jar;C:\Users\ebencol\.m2\repository\org\apache\maven\maven-artifact\2.0.9\maven-artifact-2.0.9.jar;C:\Users\ebencol\.m2\repository\org\codehaus\plexus\plexus-utils\1.5.1\plexus-utils-1.5.1.jar;C:\Users\ebencol\.m2\repository\org\apache\maven\maven-plugin-descriptor\2.0.9\maven-plugin-descriptor-2.0.9.jar;C:\Users\ebencol\.m2\repository\org\codehaus\plexus\plexus-container-default\1.0-alpha-9-stable-1\plexus-container-default-1.0-alpha-9-stable-1.jar;C:\Users\ebencol\.m2\repository\junit\junit\4.12\junit-4.12.jar;C:\Users\ebencol\.m2\repository\org\apache\maven\maven-project\2.0.9\maven-project-2.0.9.jar;C:\Users\ebencol\.m2\repository\org\apache\maven\maven-settings\2.0.9\maven-settings-2.0.9.jar;C:\Users\ebencol\.m2\repository\org\apache\maven\maven-profile\2.0.9\maven-profile-2.0.9.jar;C:\Users\ebencol\.m2\repository\org\apache\maven\maven-artifact-manager\2.0.9\maven-artifact-manager-2.0.9.jar;C:\Users\ebencol\.m2\repository\org\apache\maven\maven-plugin-registry\2.0.9\maven-plugin-registry-2.0.9.jar;C:\Users\ebencol\.m2\repository\org\apache\maven\maven-model\2.0.9\maven-model-2.0.9.jar;C:\Users\ebencol\.m2\repository\org\apache\maven\maven-core\2.0.9\maven-core-2.0.9.jar;C:\Users\ebencol\.m2\repository\org\apache\maven\maven-plugin-parameter-documenter\2.0.9\maven-plugin-parameter-documenter-2.0.9.jar;C:\Users\ebencol\.m2\repository\org\apache\maven\reporting\maven-reporting-api\2.0.9\maven-reporting-api-2.0.9.jar;C:\Users\ebencol\.m2\repository\org\apache\maven\wagon\wagon-provider-api\1.0-beta-2\wagon-provider-api-1.0-beta-2.jar;C:\Users\ebencol\.m2\repository\org\apache\maven\maven-repository-metadata\2.0.9\maven-repository-metadata-2.0.9.jar;C:\Users\ebencol\.m2\repository\org\apache\maven\maven-error-diagnostics\2.0.9\maven-error-diagnostics-2.0.9.jar;C:\Users\ebencol\.m2\repository\org\apache\maven\maven-monitor\2.0.9\maven-monitor-2.0.9.jar;C:\Users\ebencol\.m2\repository\classworlds\classworlds\1.1\classworlds-1.1.jar;C:\Users\ebencol\.m2\repository\org\apache\maven\maven-toolchain\2.0.9\maven-toolchain-2.0.9.jar;C:\Users\ebencol\.m2\repository\org\apache\maven\surefire\surefire-api\2.13\surefire-api-2.13.jar;C:\Users\ebencol\.m2\repository\org\apache\maven\plugin-tools\maven-plugin-annotations\3.2\maven-plugin-annotations-3.2.jar;C:\Users\ebencol\.m2\repository\org\junit\jupiter\junit-jupiter-engine\5.3.2\junit-jupiter-engine-5.3.2.jar;C:\Users\ebencol\.m2\repository\org\apiguardian\apiguardian-api\1.0.0\apiguardian-api-1.0.0.jar;C:\Users\ebencol\.m2\repository\org\junit\platform\junit-platform-engine\1.3.2\junit-platform-engine-1.3.2.jar;C:\Users\ebencol\.m2\repository\org\junit\platform\junit-platform-commons\1.3.2\junit-platform-commons-1.3.2.jar;C:\Users\ebencol\.m2\repository\org\opentest4j\opentest4j\1.1.1\opentest4j-1.1.1.jar;C:\Users\ebencol\.m2\repository\org\junit\jupiter\junit-jupiter-api\5.3.2\junit-jupiter-api-5.3.2.jar;C:\Users\ebencol\.m2\repository\org\mockito\mockito-junit-jupiter\2.23.4\mockito-junit-jupiter-2.23.4.jar;C:\Users\ebencol\.m2\repository\org\junit\jupiter\junit-jupiter-params\5.3.2\junit-jupiter-params-5.3.2.jar;C:\Users\ebencol\.m2\repository\com\github\tomakehurst\wiremock\1.58\wiremock-1.58.jar;C:\Users\ebencol\.m2\repository\org\apache\httpcomponents\httpclient\4.5.9\httpclient-4.5.9.jar;C:\Users\ebencol\.m2\repository\org\apache\httpcomponents\httpcore\4.4.11\httpcore-4.4.11.jar;C:\Users\ebencol\.m2\repository\commons-codec\commons-codec\1.11\commons-codec-1.11.jar;C:\Users\ebencol\.m2\repository\xmlunit\xmlunit\1.6\xmlunit-1.6.jar;C:\Users\ebencol\.m2\repository\org\mortbay\jetty\jetty\6.1.26\jetty-6.1.26.jar;C:\Users\ebencol\.m2\repository\org\mortbay\jetty\jetty-util\6.1.26\jetty-util-6.1.26.jar;C:\Users\ebencol\.m2\repository\org\mortbay\jetty\servlet-api\2.5-20081211\servlet-api-2.5-20081211.jar;C:\Users\ebencol\.m2\repository\com\fasterxml\jackson\core\jackson-databind\2.9.9\jackson-databind-2.9.9.jar;C:\Users\ebencol\.m2\repository\com\fasterxml\jackson\core\jackson-annotations\2.9.0\jackson-annotations-2.9.0.jar;C:\Users\ebencol\.m2\repository\net\sf\jopt-simple\jopt-simple\4.9\jopt-simple-4.9.jar;C:\Users\ebencol\.m2\repository\com\google\guava\guava\18.0\guava-18.0.jar;C:\Users\ebencol\.m2\repository\org\awaitility\awaitility\3.1.2\awaitility-3.1.2.jar;C:\Users\ebencol\.m2\repository\org\objenesis\objenesis\2.6\objenesis-2.6.jar;C:\Users\ebencol\.m2\repository\com\fasterxml\jackson\core\jackson-core\2.10.0\jackson-core-2.10.0.jar;C:\Users\ebencol\.m2\repository\org\projectlombok\lombok\1.18.8\lombok-1.18.8.jar;"/>
    <property name="sun.cpu.endian" value="little"/>
    <property name="user.home" value="C:\Users\ebencol"/>
    <property name="user.language" value="en"/>
    <property name="java.specification.vendor" value="Oracle Corporation"/>
    <property name="java.home" value="C:\Program Files\Java\jdk1.8.0_241\jre"/>
    <property name="basedir" value="C:\Users\ebencol\code\concordia\api-gateway"/>
    <property name="file.separator" value="\"/>
    <property name="line.separator" value="&#10;"/>
    <property name="java.vm.specification.vendor" value="Oracle Corporation"/>
    <property name="java.specification.name" value="Java Platform API Specification"/>
    <property name="java.awt.graphicsenv" value="sun.awt.Win32GraphicsEnvironment"/>
    <property name="surefire.real.class.path" value="C:\Users\ebencol\AppData\Local\Temp\surefire2540240179770953357\surefirebooter5200520348655474788.jar"/>
    <property name="sun.boot.class.path" value="C:\Program Files\Java\jdk1.8.0_241\jre\lib\resources.jar;C:\Program Files\Java\jdk1.8.0_241\jre\lib\rt.jar;C:\Program Files\Java\jdk1.8.0_241\jre\lib\sunrsasign.jar;C:\Program Files\Java\jdk1.8.0_241\jre\lib\jsse.jar;C:\Program Files\Java\jdk1.8.0_241\jre\lib\jce.jar;C:\Program Files\Java\jdk1.8.0_241\jre\lib\charsets.jar;C:\Program Files\Java\jdk1.8.0_241\jre\lib\jfr.jar;C:\Program Files\Java\jdk1.8.0_241\jre\classes"/>
    <property name="user.script" value=""/>
    <property name="sun.management.compiler" value="HotSpot 64-Bit Tiered Compilers"/>
    <property name="java.runtime.version" value="1.8.0_241-b07"/>
    <property name="user.name" value="ebencol"/>
    <property name="path.separator" value=";"/>
    <property name="os.version" value="10.0"/>
    <property name="java.endorsed.dirs" value="C:\Program Files\Java\jdk1.8.0_241\jre\lib\endorsed"/>
    <property name="java.runtime.name" value="Java(TM) SE Runtime Environment"/>
    <property name="file.encoding" value="Cp1252"/>
    <property name="java.vm.name" value="Java HotSpot(TM) 64-Bit Server VM"/>
    <property name="localRepository" value="C:\Users\ebencol\.m2\repository"/>
    <property name="java.vendor.url.bug" value="http://bugreport.sun.com/bugreport/"/>
    <property name="java.io.tmpdir" value="C:\Users\ebencol\AppData\Local\Temp\"/>
    <property name="idea.version" value="2020.2.3"/>
    <property name="java.version" value="1.8.0_241"/>
    <property name="user.dir" value="C:\Users\ebencol\code\concordia\api-gateway"/>
    <property name="os.arch" value="amd64"/>
    <property name="java.vm.specification.name" value="Java Virtual Machine Specification"/>
    <property name="java.awt.printerjob" value="sun.awt.windows.WPrinterJob"/>
    <property name="sun.os.patch.level" value=""/>
    <property name="java.library.path" value="C:\Program Files\Java\jdk1.8.0_241\jre\bin;C:\WINDOWS\Sun\Java\bin;C:\WINDOWS\system32;C:\WINDOWS;C:\Program Files (x86)\Common Files\Oracle\Java\javapath;C:\ProgramData\Oracle\Java\javapath;C:\WINDOWS\system32;C:\WINDOWS;C:\WINDOWS\System32\Wbem;C:\WINDOWS\System32\WindowsPowerShell\v1.0\;C:\WINDOWS\System32\OpenSSH\;C:\WINDOWS\system32\config\systemprofile\AppData\Local\Microsoft\WindowsApps;C:\Program Files (x86)\Adaptiva\AdaptivaClient\bin\x32;C:\Program Files (x86)\Adaptiva\AdaptivaClient\bin\x64;C:\Go\bin;C:\Program Files\Intel\WiFi\bin\;C:\Program Files\Common Files\Intel\WirelessCommon\;C:\HashiCorp\Vagrant\bin;C:\Program Files\PuTTY\;C:\opt\apache-maven-3.6.3\bin;C:\Program Files\Java\jdk1.8.0_241\bin;C:\Program Files\Docker\Docker\resources\bin;C:\ProgramData\DockerDesktop\version-bin;%USERPROFILE%\AppData\Local\Microsoft\WindowsApps;%USERPROFILE%\go\bin;C:\Users\ebencol\AppData\Local\hyper\app-3.0.2\resources\bin;C:\Program Files (x86)\Java\jre1.8.0_151\bin;C:\Users\ebencol\AppData\Local\Programs\Microsoft VS Code\bin;C:\Users\ebencol\Git\cmd;c:\users\ebencol\appdata\local\hyper\app-3.0.2\resources\bin;."/>
    <property name="java.vm.info" value="mixed mode"/>
    <property name="java.vendor" value="Oracle Corporation"/>
    <property name="java.vm.version" value="25.241-b07"/>
    <property name="java.ext.dirs" value="C:\Program Files\Java\jdk1.8.0_241\jre\lib\ext;C:\WINDOWS\Sun\Java\lib\ext"/>
    <property name="sun.io.unicode.encoding" value="UnicodeLittle"/>
    <property name="java.class.version" value="52.0"/>
  </properties>
  <testcase name="shouldDisableMulticast" classname="com.ericsson.gateway.config.HazelcastConfigTest" time="0.007"/>
</testsuite>